[debug] [2022-02-22T20:34:41.562Z] ----------------------------------------------------------------------
[debug] [2022-02-22T20:34:41.564Z] Command:       C:\Program Files\nodejs\node.exe C:\Users\cedric\AppData\Roaming\npm\node_modules\firebase-tools\lib\bin\firebase.js init
[debug] [2022-02-22T20:34:41.565Z] CLI Version:   10.2.1
[debug] [2022-02-22T20:34:41.565Z] Platform:      win32
[debug] [2022-02-22T20:34:41.565Z] Node Version:  v14.15.4
[debug] [2022-02-22T20:34:41.566Z] Time:          Tue Feb 22 2022 21:34:41 GMT+0100 (Midden-Europese standaardtijd)
[debug] [2022-02-22T20:34:41.566Z] ----------------------------------------------------------------------
[debug] 
[debug] [2022-02-22T20:34:41.577Z] > command requires scopes: ["email","openid","https://www.googleapis.com/auth/cloudplatformprojects.readonly","https://www.googleapis.com/auth/firebase","https://www.googleapis.com/auth/cloud-platform"]
[debug] [2022-02-22T20:34:41.577Z] > authorizing via signed-in user (cedricdecruw@gmail.com)
[info] 
     ######## #### ########  ######## ########     ###     ######  ########
     ##        ##  ##     ## ##       ##     ##  ##   ##  ##       ##
     ######    ##  ########  ######   ########  #########  ######  ######
     ##        ##  ##    ##  ##       ##     ## ##     ##       ## ##
     ##       #### ##     ## ######## ########  ##     ##  ######  ########

You're about to initialize a Firebase project in this directory:

  C:\Users\cedric\Documents\GitHub\sideproject_impulsive_emphaty\impulsive-valorant

[debug] [2022-02-22T21:12:58.695Z] ----------------------------------------------------------------------
[debug] [2022-02-22T21:12:58.697Z] Command:       C:\Program Files\nodejs\node.exe C:\Users\cedric\AppData\Roaming\npm\node_modules\firebase-tools\lib\bin\firebase.js init
[debug] [2022-02-22T21:12:58.697Z] CLI Version:   10.2.1
[debug] [2022-02-22T21:12:58.697Z] Platform:      win32
[debug] [2022-02-22T21:12:58.697Z] Node Version:  v14.15.4
[debug] [2022-02-22T21:12:58.702Z] Time:          Tue Feb 22 2022 22:12:58 GMT+0100 (Midden-Europese standaardtijd)
[debug] [2022-02-22T21:12:58.702Z] ----------------------------------------------------------------------
[debug] 
[debug] [2022-02-22T21:12:58.708Z] > command requires scopes: ["email","openid","https://www.googleapis.com/auth/cloudplatformprojects.readonly","https://www.googleapis.com/auth/firebase","https://www.googleapis.com/auth/cloud-platform"]
[debug] [2022-02-22T21:12:58.708Z] > authorizing via signed-in user (cedricdecruw@gmail.com)
[info] 
     ######## #### ########  ######## ########     ###     ######  ########
     ##        ##  ##     ## ##       ##     ##  ##   ##  ##       ##
     ######    ##  ########  ######   ########  #########  ######  ######
     ##        ##  ##    ##  ##       ##     ## ##     ##       ## ##
     ##       #### ##     ## ######## ########  ##     ##  ######  ########

You're about to initialize a Firebase project in this directory:

  C:\Users\cedric\Documents\GitHub\sideproject_impulsive_emphaty\impulsive-valorant

[info] 
=== Project Setup
[info] 
[info] First, let's associate this project directory with a Firebase project.
[info] You can create multiple project aliases by running firebase use --add, 
[info] but for now we'll just set up a default project.
[info] 
[debug] [2022-02-22T21:13:38.688Z] > refreshing access token with scopes: []
[debug] [2022-02-22T21:13:38.688Z] >>> HTTP REQUEST POST https://www.googleapis.com/oauth2/v3/token  
 <request body omitted>
[debug] [2022-02-22T21:13:38.967Z] <<< HTTP RESPONSE 200 {"cache-control":"no-cache, no-store, max-age=0, must-revalidate","pragma":"no-cache","date":"Tue, 22 Feb 2022 21:13:39 GMT","expires":"Mon, 01 Jan 1990 00:00:00 GMT","content-type":"application/json; charset=utf-8","vary":"X-Origin, Referer, Origin,Accept-Encoding","server":"scaffolding on HTTPServer2","x-xss-protection":"0","x-frame-options":"SAMEORIGIN","x-content-type-options":"nosniff","alt-svc":"h3=\":443\"; ma=2592000,h3-29=\":443\"; ma=2592000,h3-Q050=\":443\"; ma=2592000,h3-Q046=\":443\"; ma=2592000,h3-Q043=\":443\"; ma=2592000,quic=\":443\"; ma=2592000; v=\"46,43\"","accept-ranges":"none","transfer-encoding":"chunked"}
[debug] [2022-02-22T21:13:38.975Z] >>> [apiv2][query] GET https://firebase.googleapis.com/v1beta1/projects pageSize=100
[debug] [2022-02-22T21:13:39.428Z] <<< [apiv2][status] GET https://firebase.googleapis.com/v1beta1/projects 200
[debug] [2022-02-22T21:13:39.428Z] <<< [apiv2][body] GET https://firebase.googleapis.com/v1beta1/projects [omitted]
[info] i  Using project impulsiveempathyvalorant (ImpulsiveEmpathyValorant) 
[info] 
=== Hosting Setup
[info] 
[info] Your public directory is the folder (relative to your project directory) that
[info] will contain Hosting assets to be uploaded with firebase deploy. If you
[info] have a build process for your assets, use your build's output directory.
[info] 
